[2025-06-11 12:09:49 +0000] [44707] [INFO] Starting gunicorn 23.0.0
[2025-06-11 12:09:49 +0000] [44707] [INFO] Listening at: http://127.0.0.1:5000 (44707)
[2025-06-11 12:09:49 +0000] [44707] [INFO] Using worker: sync
[2025-06-11 12:09:49 +0000] [44708] [INFO] Booting worker with pid: 44708
[2025-06-11 12:09:49 +0000] [44709] [INFO] Booting worker with pid: 44709
[2025-06-11 12:09:49 +0000] [44710] [INFO] Booting worker with pid: 44710
[2025-06-11 12:09:49 +0000] [44711] [INFO] Booting worker with pid: 44711
[2025-06-11 12:54:37 +0000] [44707] [INFO] Handling signal: term
[2025-06-11 12:54:37 +0000] [44709] [INFO] Worker exiting (pid: 44709)
[2025-06-11 12:54:37 +0000] [44708] [INFO] Worker exiting (pid: 44708)
[2025-06-11 12:54:37 +0000] [44710] [INFO] Worker exiting (pid: 44710)
[2025-06-11 12:54:37 +0000] [44711] [INFO] Worker exiting (pid: 44711)
[2025-06-11 12:54:37 +0000] [44707] [ERROR] Worker (pid:44708) was sent SIGTERM!
[2025-06-11 12:54:37 +0000] [44707] [ERROR] Worker (pid:44709) was sent SIGTERM!
[2025-06-11 12:54:37 +0000] [44707] [INFO] Shutting down: Master
[2025-06-11 12:54:37 +0000] [46061] [INFO] Starting gunicorn 23.0.0
[2025-06-11 12:54:37 +0000] [46061] [INFO] Listening at: http://127.0.0.1:5000 (46061)
[2025-06-11 12:54:37 +0000] [46061] [INFO] Using worker: sync
[2025-06-11 12:54:37 +0000] [46064] [INFO] Booting worker with pid: 46064
[2025-06-11 12:54:37 +0000] [46065] [INFO] Booting worker with pid: 46065
[2025-06-11 12:54:37 +0000] [46066] [INFO] Booting worker with pid: 46066
[2025-06-11 12:54:37 +0000] [46067] [INFO] Booting worker with pid: 46067
